<?xml version="1.0" encoding="UTF-8"?>
<testsuite xmlns:xsi="http://www.w3.org/2001/XMLSchema-instance" xsi:noNamespaceSchemaLocation="https://maven.apache.org/surefire/maven-surefire-plugin/xsd/surefire-test-report.xsd" name="com.example.demo.DemoApplicationTests" time="1.91" tests="1" errors="0" skipped="0" failures="0">
  <properties>
    <property name="java.specification.version" value="17"/>
    <property name="sun.jnu.encoding" value="UTF-8"/>
    <property name="java.class.path" value="/home/dhaval/Development/Documents/ALDAP/ldapaap/target/test-classes:/home/dhaval/Development/Documents/ALDAP/ldapaap/target/classes:/home/dhaval/.m2/repository/org/springframework/boot/spring-boot-starter-data-ldap/3.0.5/spring-boot-starter-data-ldap-3.0.5.jar:/home/dhaval/.m2/repository/org/springframework/boot/spring-boot-starter/3.0.5/spring-boot-starter-3.0.5.jar:/home/dhaval/.m2/repository/org/springframework/boot/spring-boot/3.0.5/spring-boot-3.0.5.jar:/home/dhaval/.m2/repository/org/springframework/boot/spring-boot-autoconfigure/3.0.5/spring-boot-autoconfigure-3.0.5.jar:/home/dhaval/.m2/repository/org/springframework/boot/spring-boot-starter-logging/3.0.5/spring-boot-starter-logging-3.0.5.jar:/home/dhaval/.m2/repository/ch/qos/logback/logback-classic/1.4.6/logback-classic-1.4.6.jar:/home/dhaval/.m2/repository/ch/qos/logback/logback-core/1.4.6/logback-core-1.4.6.jar:/home/dhaval/.m2/repository/org/apache/logging/log4j/log4j-to-slf4j/2.19.0/log4j-to-slf4j-2.19.0.jar:/home/dhaval/.m2/repository/org/apache/logging/log4j/log4j-api/2.19.0/log4j-api-2.19.0.jar:/home/dhaval/.m2/repository/org/slf4j/jul-to-slf4j/2.0.7/jul-to-slf4j-2.0.7.jar:/home/dhaval/.m2/repository/org/yaml/snakeyaml/1.33/snakeyaml-1.33.jar:/home/dhaval/.m2/repository/org/springframework/data/spring-data-ldap/3.0.4/spring-data-ldap-3.0.4.jar:/home/dhaval/.m2/repository/org/springframework/spring-context/6.0.7/spring-context-6.0.7.jar:/home/dhaval/.m2/repository/org/springframework/spring-tx/6.0.7/spring-tx-6.0.7.jar:/home/dhaval/.m2/repository/org/springframework/ldap/spring-ldap-core/3.0.1/spring-ldap-core-3.0.1.jar:/home/dhaval/.m2/repository/org/springframework/data/spring-data-commons/3.0.4/spring-data-commons-3.0.4.jar:/home/dhaval/.m2/repository/org/slf4j/slf4j-api/2.0.7/slf4j-api-2.0.7.jar:/home/dhaval/.m2/repository/org/springframework/boot/spring-boot-starter-web/3.0.5/spring-boot-starter-web-3.0.5.jar:/home/dhaval/.m2/repository/org/springframework/boot/spring-boot-starter-json/3.0.5/spring-boot-starter-json-3.0.5.jar:/home/dhaval/.m2/repository/com/fasterxml/jackson/core/jackson-databind/2.14.2/jackson-databind-2.14.2.jar:/home/dhaval/.m2/repository/com/fasterxml/jackson/datatype/jackson-datatype-jdk8/2.14.2/jackson-datatype-jdk8-2.14.2.jar:/home/dhaval/.m2/repository/com/fasterxml/jackson/datatype/jackson-datatype-jsr310/2.14.2/jackson-datatype-jsr310-2.14.2.jar:/home/dhaval/.m2/repository/com/fasterxml/jackson/module/jackson-module-parameter-names/2.14.2/jackson-module-parameter-names-2.14.2.jar:/home/dhaval/.m2/repository/org/springframework/spring-web/6.0.7/spring-web-6.0.7.jar:/home/dhaval/.m2/repository/org/springframework/spring-beans/6.0.7/spring-beans-6.0.7.jar:/home/dhaval/.m2/repository/io/micrometer/micrometer-observation/1.10.5/micrometer-observation-1.10.5.jar:/home/dhaval/.m2/repository/io/micrometer/micrometer-commons/1.10.5/micrometer-commons-1.10.5.jar:/home/dhaval/.m2/repository/org/springframework/spring-webmvc/6.0.7/spring-webmvc-6.0.7.jar:/home/dhaval/.m2/repository/org/springframework/spring-aop/6.0.7/spring-aop-6.0.7.jar:/home/dhaval/.m2/repository/org/springframework/spring-expression/6.0.7/spring-expression-6.0.7.jar:/home/dhaval/.m2/repository/org/springframework/boot/spring-boot-starter-tomcat/3.0.5/spring-boot-starter-tomcat-3.0.5.jar:/home/dhaval/.m2/repository/jakarta/annotation/jakarta.annotation-api/2.1.1/jakarta.annotation-api-2.1.1.jar:/home/dhaval/.m2/repository/org/apache/tomcat/embed/tomcat-embed-core/10.1.7/tomcat-embed-core-10.1.7.jar:/home/dhaval/.m2/repository/org/apache/tomcat/embed/tomcat-embed-el/10.1.7/tomcat-embed-el-10.1.7.jar:/home/dhaval/.m2/repository/org/apache/tomcat/embed/tomcat-embed-websocket/10.1.7/tomcat-embed-websocket-10.1.7.jar:/home/dhaval/.m2/repository/org/springframework/boot/spring-boot-starter-test/3.0.5/spring-boot-starter-test-3.0.5.jar:/home/dhaval/.m2/repository/org/springframework/boot/spring-boot-test/3.0.5/spring-boot-test-3.0.5.jar:/home/dhaval/.m2/repository/org/springframework/boot/spring-boot-test-autoconfigure/3.0.5/spring-boot-test-autoconfigure-3.0.5.jar:/home/dhaval/.m2/repository/com/jayway/jsonpath/json-path/2.7.0/json-path-2.7.0.jar:/home/dhaval/.m2/repository/net/minidev/json-smart/2.4.10/json-smart-2.4.10.jar:/home/dhaval/.m2/repository/net/minidev/accessors-smart/2.4.9/accessors-smart-2.4.9.jar:/home/dhaval/.m2/repository/org/ow2/asm/asm/9.3/asm-9.3.jar:/home/dhaval/.m2/repository/jakarta/xml/bind/jakarta.xml.bind-api/4.0.0/jakarta.xml.bind-api-4.0.0.jar:/home/dhaval/.m2/repository/jakarta/activation/jakarta.activation-api/2.1.1/jakarta.activation-api-2.1.1.jar:/home/dhaval/.m2/repository/org/assertj/assertj-core/3.23.1/assertj-core-3.23.1.jar:/home/dhaval/.m2/repository/net/bytebuddy/byte-buddy/1.12.23/byte-buddy-1.12.23.jar:/home/dhaval/.m2/repository/org/hamcrest/hamcrest/2.2/hamcrest-2.2.jar:/home/dhaval/.m2/repository/org/junit/jupiter/junit-jupiter/5.9.2/junit-jupiter-5.9.2.jar:/home/dhaval/.m2/repository/org/junit/jupiter/junit-jupiter-api/5.9.2/junit-jupiter-api-5.9.2.jar:/home/dhaval/.m2/repository/org/opentest4j/opentest4j/1.2.0/opentest4j-1.2.0.jar:/home/dhaval/.m2/repository/org/junit/platform/junit-platform-commons/1.9.2/junit-platform-commons-1.9.2.jar:/home/dhaval/.m2/repository/org/apiguardian/apiguardian-api/1.1.2/apiguardian-api-1.1.2.jar:/home/dhaval/.m2/repository/org/junit/jupiter/junit-jupiter-params/5.9.2/junit-jupiter-params-5.9.2.jar:/home/dhaval/.m2/repository/org/junit/jupiter/junit-jupiter-engine/5.9.2/junit-jupiter-engine-5.9.2.jar:/home/dhaval/.m2/repository/org/junit/platform/junit-platform-engine/1.9.2/junit-platform-engine-1.9.2.jar:/home/dhaval/.m2/repository/org/mockito/mockito-core/4.8.1/mockito-core-4.8.1.jar:/home/dhaval/.m2/repository/net/bytebuddy/byte-buddy-agent/1.12.23/byte-buddy-agent-1.12.23.jar:/home/dhaval/.m2/repository/org/objenesis/objenesis/3.2/objenesis-3.2.jar:/home/dhaval/.m2/repository/org/mockito/mockito-junit-jupiter/4.8.1/mockito-junit-jupiter-4.8.1.jar:/home/dhaval/.m2/repository/org/skyscreamer/jsonassert/1.5.1/jsonassert-1.5.1.jar:/home/dhaval/.m2/repository/com/vaadin/external/google/android-json/0.0.20131108.vaadin1/android-json-0.0.20131108.vaadin1.jar:/home/dhaval/.m2/repository/org/springframework/spring-core/6.0.7/spring-core-6.0.7.jar:/home/dhaval/.m2/repository/org/springframework/spring-jcl/6.0.7/spring-jcl-6.0.7.jar:/home/dhaval/.m2/repository/org/springframework/spring-test/6.0.7/spring-test-6.0.7.jar:/home/dhaval/.m2/repository/org/xmlunit/xmlunit-core/2.9.1/xmlunit-core-2.9.1.jar:/home/dhaval/.m2/repository/com/microsoft/graph/microsoft-graph/5.52.0/microsoft-graph-5.52.0.jar:/home/dhaval/.m2/repository/com/google/code/gson/gson/2.9.1/gson-2.9.1.jar:/home/dhaval/.m2/repository/com/microsoft/graph/microsoft-graph-core/2.0.17/microsoft-graph-core-2.0.17.jar:/home/dhaval/.m2/repository/com/github/spotbugs/spotbugs-annotations/4.7.3/spotbugs-annotations-4.7.3.jar:/home/dhaval/.m2/repository/com/google/guava/guava/31.1-jre/guava-31.1-jre.jar:/home/dhaval/.m2/repository/com/google/guava/failureaccess/1.0.1/failureaccess-1.0.1.jar:/home/dhaval/.m2/repository/com/google/guava/listenablefuture/9999.0-empty-to-avoid-conflict-with-guava/listenablefuture-9999.0-empty-to-avoid-conflict-with-guava.jar:/home/dhaval/.m2/repository/com/google/code/findbugs/jsr305/3.0.2/jsr305-3.0.2.jar:/home/dhaval/.m2/repository/org/checkerframework/checker-qual/3.12.0/checker-qual-3.12.0.jar:/home/dhaval/.m2/repository/com/google/errorprone/error_prone_annotations/2.11.0/error_prone_annotations-2.11.0.jar:/home/dhaval/.m2/repository/com/google/j2objc/j2objc-annotations/1.3/j2objc-annotations-1.3.jar:/home/dhaval/.m2/repository/com/squareup/okhttp3/okhttp/4.10.0/okhttp-4.10.0.jar:/home/dhaval/.m2/repository/com/squareup/okio/okio-jvm/3.0.0/okio-jvm-3.0.0.jar:/home/dhaval/.m2/repository/org/jetbrains/kotlin/kotlin-stdlib-jdk8/1.7.22/kotlin-stdlib-jdk8-1.7.22.jar:/home/dhaval/.m2/repository/org/jetbrains/kotlin/kotlin-stdlib-jdk7/1.7.22/kotlin-stdlib-jdk7-1.7.22.jar:/home/dhaval/.m2/repository/org/jetbrains/kotlin/kotlin-stdlib-common/1.7.22/kotlin-stdlib-common-1.7.22.jar:/home/dhaval/.m2/repository/org/jetbrains/kotlin/kotlin-stdlib/1.7.22/kotlin-stdlib-1.7.22.jar:/home/dhaval/.m2/repository/org/jetbrains/annotations/13.0/annotations-13.0.jar:/home/dhaval/.m2/repository/com/azure/azure-identity/1.8.1/azure-identity-1.8.1.jar:/home/dhaval/.m2/repository/com/azure/azure-core/1.37.0/azure-core-1.37.0.jar:/home/dhaval/.m2/repository/com/fasterxml/jackson/core/jackson-annotations/2.14.2/jackson-annotations-2.14.2.jar:/home/dhaval/.m2/repository/com/fasterxml/jackson/core/jackson-core/2.14.2/jackson-core-2.14.2.jar:/home/dhaval/.m2/repository/io/projectreactor/reactor-core/3.5.4/reactor-core-3.5.4.jar:/home/dhaval/.m2/repository/org/reactivestreams/reactive-streams/1.0.4/reactive-streams-1.0.4.jar:/home/dhaval/.m2/repository/com/azure/azure-core-http-netty/1.13.1/azure-core-http-netty-1.13.1.jar:/home/dhaval/.m2/repository/io/netty/netty-handler/4.1.90.Final/netty-handler-4.1.90.Final.jar:/home/dhaval/.m2/repository/io/netty/netty-common/4.1.90.Final/netty-common-4.1.90.Final.jar:/home/dhaval/.m2/repository/io/netty/netty-resolver/4.1.90.Final/netty-resolver-4.1.90.Final.jar:/home/dhaval/.m2/repository/io/netty/netty-transport/4.1.90.Final/netty-transport-4.1.90.Final.jar:/home/dhaval/.m2/repository/io/netty/netty-handler-proxy/4.1.90.Final/netty-handler-proxy-4.1.90.Final.jar:/home/dhaval/.m2/repository/io/netty/netty-codec-socks/4.1.90.Final/netty-codec-socks-4.1.90.Final.jar:/home/dhaval/.m2/repository/io/netty/netty-buffer/4.1.90.Final/netty-buffer-4.1.90.Final.jar:/home/dhaval/.m2/repository/io/netty/netty-codec/4.1.90.Final/netty-codec-4.1.90.Final.jar:/home/dhaval/.m2/repository/io/netty/netty-codec-http/4.1.90.Final/netty-codec-http-4.1.90.Final.jar:/home/dhaval/.m2/repository/io/netty/netty-codec-http2/4.1.90.Final/netty-codec-http2-4.1.90.Final.jar:/home/dhaval/.m2/repository/io/netty/netty-transport-native-unix-common/4.1.90.Final/netty-transport-native-unix-common-4.1.90.Final.jar:/home/dhaval/.m2/repository/io/netty/netty-transport-native-epoll/4.1.90.Final/netty-transport-native-epoll-4.1.90.Final-linux-x86_64.jar:/home/dhaval/.m2/repository/io/netty/netty-transport-classes-epoll/4.1.90.Final/netty-transport-classes-epoll-4.1.90.Final.jar:/home/dhaval/.m2/repository/io/netty/netty-transport-native-kqueue/4.1.90.Final/netty-transport-native-kqueue-4.1.90.Final-osx-x86_64.jar:/home/dhaval/.m2/repository/io/netty/netty-transport-classes-kqueue/4.1.90.Final/netty-transport-classes-kqueue-4.1.90.Final.jar:/home/dhaval/.m2/repository/io/netty/netty-tcnative-boringssl-static/2.0.59.Final/netty-tcnative-boringssl-static-2.0.59.Final.jar:/home/dhaval/.m2/repository/io/netty/netty-tcnative-classes/2.0.59.Final/netty-tcnative-classes-2.0.59.Final.jar:/home/dhaval/.m2/repository/io/netty/netty-tcnative-boringssl-static/2.0.59.Final/netty-tcnative-boringssl-static-2.0.59.Final-linux-x86_64.jar:/home/dhaval/.m2/repository/io/netty/netty-tcnative-boringssl-static/2.0.59.Final/netty-tcnative-boringssl-static-2.0.59.Final-linux-aarch_64.jar:/home/dhaval/.m2/repository/io/netty/netty-tcnative-boringssl-static/2.0.59.Final/netty-tcnative-boringssl-static-2.0.59.Final-osx-x86_64.jar:/home/dhaval/.m2/repository/io/netty/netty-tcnative-boringssl-static/2.0.59.Final/netty-tcnative-boringssl-static-2.0.59.Final-osx-aarch_64.jar:/home/dhaval/.m2/repository/io/netty/netty-tcnative-boringssl-static/2.0.59.Final/netty-tcnative-boringssl-static-2.0.59.Final-windows-x86_64.jar:/home/dhaval/.m2/repository/io/projectreactor/netty/reactor-netty-http/1.1.5/reactor-netty-http-1.1.5.jar:/home/dhaval/.m2/repository/io/netty/netty-resolver-dns/4.1.90.Final/netty-resolver-dns-4.1.90.Final.jar:/home/dhaval/.m2/repository/io/netty/netty-codec-dns/4.1.90.Final/netty-codec-dns-4.1.90.Final.jar:/home/dhaval/.m2/repository/io/netty/netty-resolver-dns-native-macos/4.1.90.Final/netty-resolver-dns-native-macos-4.1.90.Final-osx-x86_64.jar:/home/dhaval/.m2/repository/io/netty/netty-resolver-dns-classes-macos/4.1.90.Final/netty-resolver-dns-classes-macos-4.1.90.Final.jar:/home/dhaval/.m2/repository/io/projectreactor/netty/reactor-netty-core/1.1.5/reactor-netty-core-1.1.5.jar:/home/dhaval/.m2/repository/com/microsoft/azure/msal4j/1.13.5/msal4j-1.13.5.jar:/home/dhaval/.m2/repository/com/nimbusds/oauth2-oidc-sdk/9.35/oauth2-oidc-sdk-9.35.jar:/home/dhaval/.m2/repository/com/github/stephenc/jcip/jcip-annotations/1.0-1/jcip-annotations-1.0-1.jar:/home/dhaval/.m2/repository/com/nimbusds/content-type/2.2/content-type-2.2.jar:/home/dhaval/.m2/repository/com/nimbusds/lang-tag/1.6/lang-tag-1.6.jar:/home/dhaval/.m2/repository/com/nimbusds/nimbus-jose-jwt/9.22/nimbus-jose-jwt-9.22.jar:/home/dhaval/.m2/repository/com/microsoft/azure/msal4j-persistence-extension/1.1.0/msal4j-persistence-extension-1.1.0.jar:/home/dhaval/.m2/repository/net/java/dev/jna/jna/5.5.0/jna-5.5.0.jar:/home/dhaval/.m2/repository/net/java/dev/jna/jna-platform/5.6.0/jna-platform-5.6.0.jar:"/>
    <property name="java.vm.vendor" value="Private Build"/>
    <property name="sun.arch.data.model" value="64"/>
    <property name="java.vendor.url" value="Unknown"/>
    <property name="os.name" value="Linux"/>
    <property name="java.vm.specification.version" value="17"/>
    <property name="sun.java.launcher" value="SUN_STANDARD"/>
    <property name="user.country" value="IN"/>
    <property name="sun.boot.library.path" value="/usr/lib/jvm/java-17-openjdk-amd64/lib"/>
    <property name="sun.java.command" value="/home/dhaval/Development/Documents/ALDAP/ldapaap/target/surefire/surefirebooter7277241552001724935.jar /home/dhaval/Development/Documents/ALDAP/ldapaap/target/surefire 2023-05-02T18-29-01_921-jvmRun1 surefire2518165354633847280tmp surefire_014075586775807159062tmp"/>
    <property name="jdk.debug" value="release"/>
    <property name="surefire.test.class.path" value="/home/dhaval/Development/Documents/ALDAP/ldapaap/target/test-classes:/home/dhaval/Development/Documents/ALDAP/ldapaap/target/classes:/home/dhaval/.m2/repository/org/springframework/boot/spring-boot-starter-data-ldap/3.0.5/spring-boot-starter-data-ldap-3.0.5.jar:/home/dhaval/.m2/repository/org/springframework/boot/spring-boot-starter/3.0.5/spring-boot-starter-3.0.5.jar:/home/dhaval/.m2/repository/org/springframework/boot/spring-boot/3.0.5/spring-boot-3.0.5.jar:/home/dhaval/.m2/repository/org/springframework/boot/spring-boot-autoconfigure/3.0.5/spring-boot-autoconfigure-3.0.5.jar:/home/dhaval/.m2/repository/org/springframework/boot/spring-boot-starter-logging/3.0.5/spring-boot-starter-logging-3.0.5.jar:/home/dhaval/.m2/repository/ch/qos/logback/logback-classic/1.4.6/logback-classic-1.4.6.jar:/home/dhaval/.m2/repository/ch/qos/logback/logback-core/1.4.6/logback-core-1.4.6.jar:/home/dhaval/.m2/repository/org/apache/logging/log4j/log4j-to-slf4j/2.19.0/log4j-to-slf4j-2.19.0.jar:/home/dhaval/.m2/repository/org/apache/logging/log4j/log4j-api/2.19.0/log4j-api-2.19.0.jar:/home/dhaval/.m2/repository/org/slf4j/jul-to-slf4j/2.0.7/jul-to-slf4j-2.0.7.jar:/home/dhaval/.m2/repository/org/yaml/snakeyaml/1.33/snakeyaml-1.33.jar:/home/dhaval/.m2/repository/org/springframework/data/spring-data-ldap/3.0.4/spring-data-ldap-3.0.4.jar:/home/dhaval/.m2/repository/org/springframework/spring-context/6.0.7/spring-context-6.0.7.jar:/home/dhaval/.m2/repository/org/springframework/spring-tx/6.0.7/spring-tx-6.0.7.jar:/home/dhaval/.m2/repository/org/springframework/ldap/spring-ldap-core/3.0.1/spring-ldap-core-3.0.1.jar:/home/dhaval/.m2/repository/org/springframework/data/spring-data-commons/3.0.4/spring-data-commons-3.0.4.jar:/home/dhaval/.m2/repository/org/slf4j/slf4j-api/2.0.7/slf4j-api-2.0.7.jar:/home/dhaval/.m2/repository/org/springframework/boot/spring-boot-starter-web/3.0.5/spring-boot-starter-web-3.0.5.jar:/home/dhaval/.m2/repository/org/springframework/boot/spring-boot-starter-json/3.0.5/spring-boot-starter-json-3.0.5.jar:/home/dhaval/.m2/repository/com/fasterxml/jackson/core/jackson-databind/2.14.2/jackson-databind-2.14.2.jar:/home/dhaval/.m2/repository/com/fasterxml/jackson/datatype/jackson-datatype-jdk8/2.14.2/jackson-datatype-jdk8-2.14.2.jar:/home/dhaval/.m2/repository/com/fasterxml/jackson/datatype/jackson-datatype-jsr310/2.14.2/jackson-datatype-jsr310-2.14.2.jar:/home/dhaval/.m2/repository/com/fasterxml/jackson/module/jackson-module-parameter-names/2.14.2/jackson-module-parameter-names-2.14.2.jar:/home/dhaval/.m2/repository/org/springframework/spring-web/6.0.7/spring-web-6.0.7.jar:/home/dhaval/.m2/repository/org/springframework/spring-beans/6.0.7/spring-beans-6.0.7.jar:/home/dhaval/.m2/repository/io/micrometer/micrometer-observation/1.10.5/micrometer-observation-1.10.5.jar:/home/dhaval/.m2/repository/io/micrometer/micrometer-commons/1.10.5/micrometer-commons-1.10.5.jar:/home/dhaval/.m2/repository/org/springframework/spring-webmvc/6.0.7/spring-webmvc-6.0.7.jar:/home/dhaval/.m2/repository/org/springframework/spring-aop/6.0.7/spring-aop-6.0.7.jar:/home/dhaval/.m2/repository/org/springframework/spring-expression/6.0.7/spring-expression-6.0.7.jar:/home/dhaval/.m2/repository/org/springframework/boot/spring-boot-starter-tomcat/3.0.5/spring-boot-starter-tomcat-3.0.5.jar:/home/dhaval/.m2/repository/jakarta/annotation/jakarta.annotation-api/2.1.1/jakarta.annotation-api-2.1.1.jar:/home/dhaval/.m2/repository/org/apache/tomcat/embed/tomcat-embed-core/10.1.7/tomcat-embed-core-10.1.7.jar:/home/dhaval/.m2/repository/org/apache/tomcat/embed/tomcat-embed-el/10.1.7/tomcat-embed-el-10.1.7.jar:/home/dhaval/.m2/repository/org/apache/tomcat/embed/tomcat-embed-websocket/10.1.7/tomcat-embed-websocket-10.1.7.jar:/home/dhaval/.m2/repository/org/springframework/boot/spring-boot-starter-test/3.0.5/spring-boot-starter-test-3.0.5.jar:/home/dhaval/.m2/repository/org/springframework/boot/spring-boot-test/3.0.5/spring-boot-test-3.0.5.jar:/home/dhaval/.m2/repository/org/springframework/boot/spring-boot-test-autoconfigure/3.0.5/spring-boot-test-autoconfigure-3.0.5.jar:/home/dhaval/.m2/repository/com/jayway/jsonpath/json-path/2.7.0/json-path-2.7.0.jar:/home/dhaval/.m2/repository/net/minidev/json-smart/2.4.10/json-smart-2.4.10.jar:/home/dhaval/.m2/repository/net/minidev/accessors-smart/2.4.9/accessors-smart-2.4.9.jar:/home/dhaval/.m2/repository/org/ow2/asm/asm/9.3/asm-9.3.jar:/home/dhaval/.m2/repository/jakarta/xml/bind/jakarta.xml.bind-api/4.0.0/jakarta.xml.bind-api-4.0.0.jar:/home/dhaval/.m2/repository/jakarta/activation/jakarta.activation-api/2.1.1/jakarta.activation-api-2.1.1.jar:/home/dhaval/.m2/repository/org/assertj/assertj-core/3.23.1/assertj-core-3.23.1.jar:/home/dhaval/.m2/repository/net/bytebuddy/byte-buddy/1.12.23/byte-buddy-1.12.23.jar:/home/dhaval/.m2/repository/org/hamcrest/hamcrest/2.2/hamcrest-2.2.jar:/home/dhaval/.m2/repository/org/junit/jupiter/junit-jupiter/5.9.2/junit-jupiter-5.9.2.jar:/home/dhaval/.m2/repository/org/junit/jupiter/junit-jupiter-api/5.9.2/junit-jupiter-api-5.9.2.jar:/home/dhaval/.m2/repository/org/opentest4j/opentest4j/1.2.0/opentest4j-1.2.0.jar:/home/dhaval/.m2/repository/org/junit/platform/junit-platform-commons/1.9.2/junit-platform-commons-1.9.2.jar:/home/dhaval/.m2/repository/org/apiguardian/apiguardian-api/1.1.2/apiguardian-api-1.1.2.jar:/home/dhaval/.m2/repository/org/junit/jupiter/junit-jupiter-params/5.9.2/junit-jupiter-params-5.9.2.jar:/home/dhaval/.m2/repository/org/junit/jupiter/junit-jupiter-engine/5.9.2/junit-jupiter-engine-5.9.2.jar:/home/dhaval/.m2/repository/org/junit/platform/junit-platform-engine/1.9.2/junit-platform-engine-1.9.2.jar:/home/dhaval/.m2/repository/org/mockito/mockito-core/4.8.1/mockito-core-4.8.1.jar:/home/dhaval/.m2/repository/net/bytebuddy/byte-buddy-agent/1.12.23/byte-buddy-agent-1.12.23.jar:/home/dhaval/.m2/repository/org/objenesis/objenesis/3.2/objenesis-3.2.jar:/home/dhaval/.m2/repository/org/mockito/mockito-junit-jupiter/4.8.1/mockito-junit-jupiter-4.8.1.jar:/home/dhaval/.m2/repository/org/skyscreamer/jsonassert/1.5.1/jsonassert-1.5.1.jar:/home/dhaval/.m2/repository/com/vaadin/external/google/android-json/0.0.20131108.vaadin1/android-json-0.0.20131108.vaadin1.jar:/home/dhaval/.m2/repository/org/springframework/spring-core/6.0.7/spring-core-6.0.7.jar:/home/dhaval/.m2/repository/org/springframework/spring-jcl/6.0.7/spring-jcl-6.0.7.jar:/home/dhaval/.m2/repository/org/springframework/spring-test/6.0.7/spring-test-6.0.7.jar:/home/dhaval/.m2/repository/org/xmlunit/xmlunit-core/2.9.1/xmlunit-core-2.9.1.jar:/home/dhaval/.m2/repository/com/microsoft/graph/microsoft-graph/5.52.0/microsoft-graph-5.52.0.jar:/home/dhaval/.m2/repository/com/google/code/gson/gson/2.9.1/gson-2.9.1.jar:/home/dhaval/.m2/repository/com/microsoft/graph/microsoft-graph-core/2.0.17/microsoft-graph-core-2.0.17.jar:/home/dhaval/.m2/repository/com/github/spotbugs/spotbugs-annotations/4.7.3/spotbugs-annotations-4.7.3.jar:/home/dhaval/.m2/repository/com/google/guava/guava/31.1-jre/guava-31.1-jre.jar:/home/dhaval/.m2/repository/com/google/guava/failureaccess/1.0.1/failureaccess-1.0.1.jar:/home/dhaval/.m2/repository/com/google/guava/listenablefuture/9999.0-empty-to-avoid-conflict-with-guava/listenablefuture-9999.0-empty-to-avoid-conflict-with-guava.jar:/home/dhaval/.m2/repository/com/google/code/findbugs/jsr305/3.0.2/jsr305-3.0.2.jar:/home/dhaval/.m2/repository/org/checkerframework/checker-qual/3.12.0/checker-qual-3.12.0.jar:/home/dhaval/.m2/repository/com/google/errorprone/error_prone_annotations/2.11.0/error_prone_annotations-2.11.0.jar:/home/dhaval/.m2/repository/com/google/j2objc/j2objc-annotations/1.3/j2objc-annotations-1.3.jar:/home/dhaval/.m2/repository/com/squareup/okhttp3/okhttp/4.10.0/okhttp-4.10.0.jar:/home/dhaval/.m2/repository/com/squareup/okio/okio-jvm/3.0.0/okio-jvm-3.0.0.jar:/home/dhaval/.m2/repository/org/jetbrains/kotlin/kotlin-stdlib-jdk8/1.7.22/kotlin-stdlib-jdk8-1.7.22.jar:/home/dhaval/.m2/repository/org/jetbrains/kotlin/kotlin-stdlib-jdk7/1.7.22/kotlin-stdlib-jdk7-1.7.22.jar:/home/dhaval/.m2/repository/org/jetbrains/kotlin/kotlin-stdlib-common/1.7.22/kotlin-stdlib-common-1.7.22.jar:/home/dhaval/.m2/repository/org/jetbrains/kotlin/kotlin-stdlib/1.7.22/kotlin-stdlib-1.7.22.jar:/home/dhaval/.m2/repository/org/jetbrains/annotations/13.0/annotations-13.0.jar:/home/dhaval/.m2/repository/com/azure/azure-identity/1.8.1/azure-identity-1.8.1.jar:/home/dhaval/.m2/repository/com/azure/azure-core/1.37.0/azure-core-1.37.0.jar:/home/dhaval/.m2/repository/com/fasterxml/jackson/core/jackson-annotations/2.14.2/jackson-annotations-2.14.2.jar:/home/dhaval/.m2/repository/com/fasterxml/jackson/core/jackson-core/2.14.2/jackson-core-2.14.2.jar:/home/dhaval/.m2/repository/io/projectreactor/reactor-core/3.5.4/reactor-core-3.5.4.jar:/home/dhaval/.m2/repository/org/reactivestreams/reactive-streams/1.0.4/reactive-streams-1.0.4.jar:/home/dhaval/.m2/repository/com/azure/azure-core-http-netty/1.13.1/azure-core-http-netty-1.13.1.jar:/home/dhaval/.m2/repository/io/netty/netty-handler/4.1.90.Final/netty-handler-4.1.90.Final.jar:/home/dhaval/.m2/repository/io/netty/netty-common/4.1.90.Final/netty-common-4.1.90.Final.jar:/home/dhaval/.m2/repository/io/netty/netty-resolver/4.1.90.Final/netty-resolver-4.1.90.Final.jar:/home/dhaval/.m2/repository/io/netty/netty-transport/4.1.90.Final/netty-transport-4.1.90.Final.jar:/home/dhaval/.m2/repository/io/netty/netty-handler-proxy/4.1.90.Final/netty-handler-proxy-4.1.90.Final.jar:/home/dhaval/.m2/repository/io/netty/netty-codec-socks/4.1.90.Final/netty-codec-socks-4.1.90.Final.jar:/home/dhaval/.m2/repository/io/netty/netty-buffer/4.1.90.Final/netty-buffer-4.1.90.Final.jar:/home/dhaval/.m2/repository/io/netty/netty-codec/4.1.90.Final/netty-codec-4.1.90.Final.jar:/home/dhaval/.m2/repository/io/netty/netty-codec-http/4.1.90.Final/netty-codec-http-4.1.90.Final.jar:/home/dhaval/.m2/repository/io/netty/netty-codec-http2/4.1.90.Final/netty-codec-http2-4.1.90.Final.jar:/home/dhaval/.m2/repository/io/netty/netty-transport-native-unix-common/4.1.90.Final/netty-transport-native-unix-common-4.1.90.Final.jar:/home/dhaval/.m2/repository/io/netty/netty-transport-native-epoll/4.1.90.Final/netty-transport-native-epoll-4.1.90.Final-linux-x86_64.jar:/home/dhaval/.m2/repository/io/netty/netty-transport-classes-epoll/4.1.90.Final/netty-transport-classes-epoll-4.1.90.Final.jar:/home/dhaval/.m2/repository/io/netty/netty-transport-native-kqueue/4.1.90.Final/netty-transport-native-kqueue-4.1.90.Final-osx-x86_64.jar:/home/dhaval/.m2/repository/io/netty/netty-transport-classes-kqueue/4.1.90.Final/netty-transport-classes-kqueue-4.1.90.Final.jar:/home/dhaval/.m2/repository/io/netty/netty-tcnative-boringssl-static/2.0.59.Final/netty-tcnative-boringssl-static-2.0.59.Final.jar:/home/dhaval/.m2/repository/io/netty/netty-tcnative-classes/2.0.59.Final/netty-tcnative-classes-2.0.59.Final.jar:/home/dhaval/.m2/repository/io/netty/netty-tcnative-boringssl-static/2.0.59.Final/netty-tcnative-boringssl-static-2.0.59.Final-linux-x86_64.jar:/home/dhaval/.m2/repository/io/netty/netty-tcnative-boringssl-static/2.0.59.Final/netty-tcnative-boringssl-static-2.0.59.Final-linux-aarch_64.jar:/home/dhaval/.m2/repository/io/netty/netty-tcnative-boringssl-static/2.0.59.Final/netty-tcnative-boringssl-static-2.0.59.Final-osx-x86_64.jar:/home/dhaval/.m2/repository/io/netty/netty-tcnative-boringssl-static/2.0.59.Final/netty-tcnative-boringssl-static-2.0.59.Final-osx-aarch_64.jar:/home/dhaval/.m2/repository/io/netty/netty-tcnative-boringssl-static/2.0.59.Final/netty-tcnative-boringssl-static-2.0.59.Final-windows-x86_64.jar:/home/dhaval/.m2/repository/io/projectreactor/netty/reactor-netty-http/1.1.5/reactor-netty-http-1.1.5.jar:/home/dhaval/.m2/repository/io/netty/netty-resolver-dns/4.1.90.Final/netty-resolver-dns-4.1.90.Final.jar:/home/dhaval/.m2/repository/io/netty/netty-codec-dns/4.1.90.Final/netty-codec-dns-4.1.90.Final.jar:/home/dhaval/.m2/repository/io/netty/netty-resolver-dns-native-macos/4.1.90.Final/netty-resolver-dns-native-macos-4.1.90.Final-osx-x86_64.jar:/home/dhaval/.m2/repository/io/netty/netty-resolver-dns-classes-macos/4.1.90.Final/netty-resolver-dns-classes-macos-4.1.90.Final.jar:/home/dhaval/.m2/repository/io/projectreactor/netty/reactor-netty-core/1.1.5/reactor-netty-core-1.1.5.jar:/home/dhaval/.m2/repository/com/microsoft/azure/msal4j/1.13.5/msal4j-1.13.5.jar:/home/dhaval/.m2/repository/com/nimbusds/oauth2-oidc-sdk/9.35/oauth2-oidc-sdk-9.35.jar:/home/dhaval/.m2/repository/com/github/stephenc/jcip/jcip-annotations/1.0-1/jcip-annotations-1.0-1.jar:/home/dhaval/.m2/repository/com/nimbusds/content-type/2.2/content-type-2.2.jar:/home/dhaval/.m2/repository/com/nimbusds/lang-tag/1.6/lang-tag-1.6.jar:/home/dhaval/.m2/repository/com/nimbusds/nimbus-jose-jwt/9.22/nimbus-jose-jwt-9.22.jar:/home/dhaval/.m2/repository/com/microsoft/azure/msal4j-persistence-extension/1.1.0/msal4j-persistence-extension-1.1.0.jar:/home/dhaval/.m2/repository/net/java/dev/jna/jna/5.5.0/jna-5.5.0.jar:/home/dhaval/.m2/repository/net/java/dev/jna/jna-platform/5.6.0/jna-platform-5.6.0.jar:"/>
    <property name="sun.cpu.endian" value="little"/>
    <property name="user.home" value="/home/dhaval"/>
    <property name="user.language" value="en"/>
    <property name="java.specification.vendor" value="Oracle Corporation"/>
    <property name="java.version.date" value="2023-01-17"/>
    <property name="java.home" value="/usr/lib/jvm/java-17-openjdk-amd64"/>
    <property name="file.separator" value="/"/>
    <property name="basedir" value="/home/dhaval/Development/Documents/ALDAP/ldapaap"/>
    <property name="java.vm.compressedOopsMode" value="Zero based"/>
    <property name="line.separator" value="&#10;"/>
    <property name="java.vm.specification.vendor" value="Oracle Corporation"/>
    <property name="java.specification.name" value="Java Platform API Specification"/>
    <property name="surefire.real.class.path" value="/home/dhaval/Development/Documents/ALDAP/ldapaap/target/surefire/surefirebooter7277241552001724935.jar"/>
    <property name="sun.management.compiler" value="HotSpot 64-Bit Tiered Compilers"/>
    <property name="java.runtime.version" value="17.0.6+10-Ubuntu-0ubuntu122.04"/>
    <property name="user.name" value="dhaval"/>
    <property name="path.separator" value=":"/>
    <property name="os.version" value="5.14.0-1056-oem"/>
    <property name="java.runtime.name" value="OpenJDK Runtime Environment"/>
    <property name="file.encoding" value="UTF-8"/>
    <property name="java.vm.name" value="OpenJDK 64-Bit Server VM"/>
    <property name="localRepository" value="/home/dhaval/.m2/repository"/>
    <property name="java.vendor.url.bug" value="Unknown"/>
    <property name="java.io.tmpdir" value="/tmp"/>
    <property name="java.version" value="17.0.6"/>
    <property name="user.dir" value="/home/dhaval/Development/Documents/ALDAP/ldapaap"/>
    <property name="os.arch" value="amd64"/>
    <property name="java.vm.specification.name" value="Java Virtual Machine Specification"/>
    <property name="native.encoding" value="UTF-8"/>
    <property name="java.library.path" value="/usr/java/packages/lib:/usr/lib/x86_64-linux-gnu/jni:/lib/x86_64-linux-gnu:/usr/lib/x86_64-linux-gnu:/usr/lib/jni:/lib:/usr/lib"/>
    <property name="java.vm.info" value="mixed mode, sharing"/>
    <property name="java.vendor" value="Private Build"/>
    <property name="java.vm.version" value="17.0.6+10-Ubuntu-0ubuntu122.04"/>
    <property name="sun.io.unicode.encoding" value="UnicodeLittle"/>
    <property name="java.class.version" value="61.0"/>
  </properties>
  <testcase name="contextLoads" classname="com.example.demo.DemoApplicationTests" time="0.32"/>
</testsuite>